<?xml version="1.0" encoding="UTF-8"?>
<!-- Generated by org.testng.reporters.JUnitXMLReporter -->
<testsuite hostname="USHYDGUARORA8" ignored="0" name="Nopackage" tests="3" failures="0" timestamp="25 Jun 2018 05:27:02 GMT" time="85.861" errors="0">
  <testcase name="login_invalidCredentials" time="32.438" classname="com.test.LoginTests"/>
  <testcase name="login_validCredentials" time="32.562" classname="com.test.LoginTests"/>
  <testcase name="openRecentTracks" time="20.782" classname="com.test.RecentlyPlayedTrackTests"/>
</testsuite> <!-- Nopackage -->
