<?xml version="1.0" encoding="UTF-8"?>
<!-- Generated by org.testng.reporters.JUnitXMLReporter -->
<testsuite hostname="USHYDGUARORA8" ignored="0" name="Spotify Tests" tests="6" failures="0" timestamp="25 Jun 2018 06:25:00 GMT" time="76.596" errors="0">
  <testcase name="login_invalidCredentials" time="24.337" classname="com.test.LoginTests"/>
  <testcase name="login_validCredentials" time="29.684" classname="com.test.LoginTests"/>
  <testcase name="selectTrack" time="10.814" classname="com.test.PlayTrackTests"/>
  <testcase name="playTrack" time="4.609" classname="com.test.PlayTrackTests"/>
  <testcase name="pauseTrack" time="2.597" classname="com.test.PlayTrackTests"/>
  <testcase name="openRecentTracks" time="4.49" classname="com.test.RecentlyPlayedTrackTests"/>
</testsuite> <!-- Spotify Tests -->
