<?xml version="1.0" encoding="UTF-8"?>
<!-- Generated by org.testng.reporters.JUnitXMLReporter -->
<testsuite hostname="USHYDGUARORA8" ignored="0" name="Spotify Tests" tests="6" failures="0" timestamp="25 Jun 2018 22:22:29 GMT" time="84.04" errors="0">
  <testcase name="login_invalidCredentials" time="29.693" classname="com.test.LoginTests"/>
  <testcase name="login_validCredentials" time="30.519" classname="com.test.LoginTests"/>
  <testcase name="selectTrack" time="11.506" classname="com.test.PlayTrackTests"/>
  <testcase name="playTrack" time="4.61" classname="com.test.PlayTrackTests"/>
  <testcase name="pauseTrack" time="2.549" classname="com.test.PlayTrackTests"/>
  <testcase name="openRecentTracks" time="5.125" classname="com.test.RecentlyPlayedTrackTests"/>
</testsuite> <!-- Spotify Tests -->
