<?xml version="1.0" encoding="UTF-8"?>
<!-- Generated by org.testng.reporters.JUnitXMLReporter -->
<testsuite hostname="USHYDGUARORA8" ignored="0" name="Default test" tests="3" failures="0" timestamp="23 Jun 2018 06:10:55 GMT" time="42.698" errors="0">
  <testcase name="lauchAppClient" time="12.142" classname="com.test.LoginTests"/>
  <testcase name="login_invalidCredentials" time="17.98" classname="com.test.LoginTests"/>
  <testcase name="login_validCredentials" time="12.527" classname="com.test.LoginTests"/>
</testsuite> <!-- Default test -->
