<?xml version="1.0" encoding="UTF-8"?>
<testng-results skipped="0" failed="0" ignored="0" total="6" passed="6">
  <reporter-output>
  </reporter-output>
  <suite name="Spotify Test Automation Suite" duration-ms="76596" started-at="2018-06-25T06:23:43Z" finished-at="2018-06-25T06:25:00Z">
    <groups>
    </groups>
    <test name="Spotify Tests" duration-ms="76596" started-at="2018-06-25T06:23:43Z" finished-at="2018-06-25T06:25:00Z">
      <class name="com.test.LoginTests">
        <test-method status="PASS" signature="lauchAppClient()[pri:0, instance:com.test.LoginTests@6121c9d6]" name="lauchAppClient" is-config="true" duration-ms="9522" started-at="2018-06-25T06:23:34Z" finished-at="2018-06-25T06:23:43Z">
          <reporter-output>
          </reporter-output>
        </test-method> <!-- lauchAppClient -->
        <test-method status="PASS" signature="login_invalidCredentials()[pri:1, instance:com.test.LoginTests@6121c9d6]" name="login_invalidCredentials" duration-ms="24337" started-at="2018-06-25T06:23:43Z" finished-at="2018-06-25T06:24:07Z">
          <reporter-output>
          </reporter-output>
        </test-method> <!-- login_invalidCredentials -->
        <test-method status="PASS" signature="login_validCredentials()[pri:2, instance:com.test.LoginTests@6121c9d6]" name="login_validCredentials" duration-ms="29684" started-at="2018-06-25T06:24:07Z" finished-at="2018-06-25T06:24:37Z">
          <reporter-output>
          </reporter-output>
        </test-method> <!-- login_validCredentials -->
        <test-method status="PASS" signature="closeApp()[pri:0, instance:com.test.LoginTests@6121c9d6]" name="closeApp" is-config="true" duration-ms="6175" started-at="2018-06-25T06:25:00Z" finished-at="2018-06-25T06:25:06Z">
          <reporter-output>
          </reporter-output>
        </test-method> <!-- closeApp -->
      </class> <!-- com.test.LoginTests -->
      <class name="com.test.RecentlyPlayedTrackTests">
        <test-method status="PASS" signature="openRecentTracks()[pri:6, instance:com.test.RecentlyPlayedTrackTests@4eb7f003]" name="openRecentTracks" duration-ms="4490" started-at="2018-06-25T06:24:55Z" finished-at="2018-06-25T06:25:00Z">
          <reporter-output>
          </reporter-output>
        </test-method> <!-- openRecentTracks -->
      </class> <!-- com.test.RecentlyPlayedTrackTests -->
      <class name="com.test.PlayTrackTests">
        <test-method status="PASS" signature="selectTrack()[pri:3, instance:com.test.PlayTrackTests@87f383f]" name="selectTrack" duration-ms="10814" started-at="2018-06-25T06:24:37Z" finished-at="2018-06-25T06:24:48Z">
          <reporter-output>
          </reporter-output>
        </test-method> <!-- selectTrack -->
        <test-method status="PASS" signature="playTrack()[pri:4, instance:com.test.PlayTrackTests@87f383f]" name="playTrack" duration-ms="4609" started-at="2018-06-25T06:24:48Z" finished-at="2018-06-25T06:24:53Z">
          <reporter-output>
          </reporter-output>
        </test-method> <!-- playTrack -->
        <test-method status="PASS" signature="pauseTrack()[pri:5, instance:com.test.PlayTrackTests@87f383f]" name="pauseTrack" duration-ms="2597" started-at="2018-06-25T06:24:53Z" finished-at="2018-06-25T06:24:55Z">
          <reporter-output>
          </reporter-output>
        </test-method> <!-- pauseTrack -->
      </class> <!-- com.test.PlayTrackTests -->
    </test> <!-- Spotify Tests -->
  </suite> <!-- Spotify Test Automation Suite -->
</testng-results>
