<?xml version="1.0" encoding="UTF-8"?>
<testng-results skipped="0" failed="0" ignored="0" total="6" passed="6">
  <reporter-output>
  </reporter-output>
  <suite name="Spotify Test Automation Suite" duration-ms="84040" started-at="2018-06-25T22:21:05Z" finished-at="2018-06-25T22:22:29Z">
    <groups>
    </groups>
    <test name="Spotify Tests" duration-ms="84040" started-at="2018-06-25T22:21:05Z" finished-at="2018-06-25T22:22:29Z">
      <class name="com.test.LoginTests">
        <test-method status="PASS" signature="lauchAppClient()[pri:0, instance:com.test.LoginTests@7a0ac6e3]" name="lauchAppClient" is-config="true" duration-ms="10327" started-at="2018-06-25T22:20:54Z" finished-at="2018-06-25T22:21:05Z">
          <reporter-output>
          </reporter-output>
        </test-method> <!-- lauchAppClient -->
        <test-method status="PASS" signature="login_invalidCredentials()[pri:1, instance:com.test.LoginTests@7a0ac6e3]" name="login_invalidCredentials" duration-ms="29693" started-at="2018-06-25T22:21:05Z" finished-at="2018-06-25T22:21:34Z">
          <reporter-output>
          </reporter-output>
        </test-method> <!-- login_invalidCredentials -->
        <test-method status="PASS" signature="login_validCredentials()[pri:2, instance:com.test.LoginTests@7a0ac6e3]" name="login_validCredentials" duration-ms="30519" started-at="2018-06-25T22:21:34Z" finished-at="2018-06-25T22:22:05Z">
          <reporter-output>
          </reporter-output>
        </test-method> <!-- login_validCredentials -->
        <test-method status="PASS" signature="closeApp()[pri:0, instance:com.test.LoginTests@7a0ac6e3]" name="closeApp" is-config="true" duration-ms="6149" started-at="2018-06-25T22:22:29Z" finished-at="2018-06-25T22:22:35Z">
          <reporter-output>
          </reporter-output>
        </test-method> <!-- closeApp -->
      </class> <!-- com.test.LoginTests -->
      <class name="com.test.RecentlyPlayedTrackTests">
        <test-method status="PASS" signature="openRecentTracks()[pri:6, instance:com.test.RecentlyPlayedTrackTests@6fadae5d]" name="openRecentTracks" duration-ms="5125" started-at="2018-06-25T22:22:24Z" finished-at="2018-06-25T22:22:29Z">
          <reporter-output>
          </reporter-output>
        </test-method> <!-- openRecentTracks -->
      </class> <!-- com.test.RecentlyPlayedTrackTests -->
      <class name="com.test.PlayTrackTests">
        <test-method status="PASS" signature="selectTrack()[pri:3, instance:com.test.PlayTrackTests@71be98f5]" name="selectTrack" duration-ms="11506" started-at="2018-06-25T22:22:05Z" finished-at="2018-06-25T22:22:16Z">
          <reporter-output>
          </reporter-output>
        </test-method> <!-- selectTrack -->
        <test-method status="PASS" signature="playTrack()[pri:4, instance:com.test.PlayTrackTests@71be98f5]" name="playTrack" duration-ms="4610" started-at="2018-06-25T22:22:16Z" finished-at="2018-06-25T22:22:21Z">
          <reporter-output>
          </reporter-output>
        </test-method> <!-- playTrack -->
        <test-method status="PASS" signature="pauseTrack()[pri:5, instance:com.test.PlayTrackTests@71be98f5]" name="pauseTrack" duration-ms="2549" started-at="2018-06-25T22:22:21Z" finished-at="2018-06-25T22:22:24Z">
          <reporter-output>
          </reporter-output>
        </test-method> <!-- pauseTrack -->
      </class> <!-- com.test.PlayTrackTests -->
    </test> <!-- Spotify Tests -->
  </suite> <!-- Spotify Test Automation Suite -->
</testng-results>
