<?xml version="1.0" encoding="UTF-8"?>
<testsuite xmlns:xsi="http://www.w3.org/2001/XMLSchema-instance" xsi:schemaLocation="https://maven.apache.org/surefire/maven-surefire-plugin/xsd/surefire-test-report.xsd" name="TestSuite" time="101.54" tests="6" errors="0" skipped="0" failures="0">
  <properties>
[...]
</properties>
  <testcase name="login_invalidCredentials" classname="com.test.LoginTests" time="29.698"/>
  <testcase name="login_validCredentials" classname="com.test.LoginTests" time="30.517"/>
  <testcase name="selectTrack" classname="com.test.PlayTrackTests" time="11.504"/>
  <testcase name="playTrack" classname="com.test.PlayTrackTests" time="4.61"/>
  <testcase name="pauseTrack" classname="com.test.PlayTrackTests" time="2.549"/>
  <testcase name="openRecentTracks" classname="com.test.RecentlyPlayedTrackTests" time="5.125"/>
</testsuite>